#
# A fatal error has been detected by the Java Runtime Environment:
#
#  EXCEPTION_ACCESS_VIOLATION (0xc0000005) at pc=0x000000007322c750, pid=4656, tid=10752
#
# JRE version: 6.0_17-b04
# Java VM: Java HotSpot(TM) 64-Bit Server VM (14.3-b01 mixed mode windows-amd64 )
# Problematic frame:
# C  0x000000007322c750
#
# If you would like to submit a bug report, please visit:
#   http://java.sun.com/webapps/bugreport/crash.jsp
# The crash happened outside the Java Virtual Machine in native code.
# See problematic frame for where to report the bug.
#

---------------  T H R E A D  ---------------

Current thread (0x000000000eb7f000):  JavaThread "AWT-EventQueue-0" [_thread_in_native, id=10752, stack(0x000000000f790000,0x000000000f810000)]

siginfo: ExceptionCode=0xc0000005, reading address 0x0000000000000008

Registers:
EAX=0x000000000000000d, EBX=0x000000000eb7f1b8, ECX=0x0000000000000000, EDX=0x0000000068012341
ESP=0x000000000f80e2a8, EBP=0x000000000eaa7b80, ESI=0x000000000eb7f1b8, EDI=0x000000000e25c520
EIP=0x000000007322c750, EFLAGS=0x0000000000010206

Top of Stack: (sp=0x000000000f80e2a8)
0x000000000f80e2a8:   00000000731d589c 000000000eb7f1b8
0x000000000f80e2b8:   000000000eaa7b80 000000000eb7f1b8
0x000000000f80e2c8:   000000000e25c520 000000005d072c98
0x000000000f80e2d8:   000000000eb7f1b8 0000000058bd83b8
0x000000000f80e2e8:   00000000731b3810 000000000eb7f1b8
0x000000000f80e2f8:   000000000f80e9a0 000000000f80e978
0x000000000f80e308:   000000000eaa7b80 000000005d42ef38
0x000000000f80e318:   00000000731d2151 0000000068431350
0x000000000f80e328:   000000000f80e980 0000000000000000
0x000000000f80e338:   000000000f80e978 0000000000000000
0x000000000f80e348:   0000000055befab0 000000005c472f90
0x000000000f80e358:   000000002d2084e0 000000000f80e438
0x000000000f80e368:   000000002d43efd0 0000000000000000
0x000000000f80e378:   0000000000000017 000000005d072fd0
0x000000000f80e388:   0000000068410ad0 000000005c472be8
0x000000000f80e398:   0000000000000007 0000000000000000 

Instructions: (pc=0x000000007322c750)
0x000000007322c740:   48 8b 41 08 48 8b 80 18 0c 00 00 c3 cc cc cc cc
0x000000007322c750:   48 8b 49 08 48 85 c9 74 05 e9 72 f6 fd ff 33 c0 


Stack: [0x000000000f790000,0x000000000f810000],  sp=0x000000000f80e2a8,  free space=504k
Native frames: (J=compiled Java code, j=interpreted, Vv=VM code, C=native code)
C  0x000000007322c750

Java frames: (J=compiled Java code, j=interpreted, Vv=VM code)
J  sun.java2d.windows.GDIBlitLoops.nativeBlit(Lsun/java2d/SurfaceData;Lsun/java2d/SurfaceData;Lsun/java2d/pipe/Region;IIIIIIIIIZ)V
J  sun.java2d.windows.GDIBlitLoops.Blit(Lsun/java2d/SurfaceData;Lsun/java2d/SurfaceData;Ljava/awt/Composite;Lsun/java2d/pipe/Region;IIIIII)V
J  sun.java2d.pipe.DrawImage.copyImage(Lsun/java2d/SunGraphics2D;Ljava/awt/Image;IILjava/awt/Color;Ljava/awt/image/ImageObserver;)Z
J  sun.java2d.SunGraphics2D.drawImage(Ljava/awt/Image;IILjava/awt/Color;Ljava/awt/image/ImageObserver;)Z
J  javax.swing.RepaintManager$PaintManager.paintDoubleBuffered(Ljavax/swing/JComponent;Ljava/awt/Image;Ljava/awt/Graphics;IIII)V
J  javax.swing.RepaintManager$PaintManager.paint(Ljavax/swing/JComponent;Ljavax/swing/JComponent;Ljava/awt/Graphics;IIII)Z
j  javax.swing.RepaintManager.paint(Ljavax/swing/JComponent;Ljavax/swing/JComponent;Ljava/awt/Graphics;IIII)V+52
J  javax.swing.JComponent.paint(Ljava/awt/Graphics;)V
j  java.awt.GraphicsCallback$PaintCallback.run(Ljava/awt/Component;Ljava/awt/Graphics;)V+2
j  sun.awt.SunGraphicsCallback.runOneComponent(Ljava/awt/Component;Ljava/awt/Rectangle;Ljava/awt/Graphics;Ljava/awt/Shape;I)V+155
j  sun.awt.SunGraphicsCallback.runComponents([Ljava/awt/Component;Ljava/awt/Graphics;I)V+104
j  java.awt.Container.paint(Ljava/awt/Graphics;)V+73
J  javax.swing.RepaintManager.paintDirtyRegions(Ljava/util/Map;)V
J  javax.swing.SystemEventQueueUtilities$ComponentWorkRequest.run()V
J  java.awt.EventDispatchThread.pumpOneEventForFilters(I)Z
J  java.awt.EventDispatchThread.pumpEventsForFilter(ILjava/awt/Conditional;Ljava/awt/EventFilter;)V
j  java.awt.EventDispatchThread.pumpEventsForHierarchy(ILjava/awt/Conditional;Ljava/awt/Component;)V+11
j  java.awt.EventDispatchThread.pumpEvents(ILjava/awt/Conditional;)V+4
j  java.awt.EventDispatchThread.pumpEvents(Ljava/awt/Conditional;)V+3
j  java.awt.EventDispatchThread.run()V+9
v  ~StubRoutines::call_stub

---------------  P R O C E S S  ---------------

Java Threads: ( => current thread )
  0x000000000f47d800 JavaThread "Timer queue for AWT thread" daemon [_thread_blocked, id=9044, stack(0x0000000016810000,0x0000000016890000)]
  0x000000000f47f000 JavaThread "Timer queue for AWT thread" daemon [_thread_blocked, id=7616, stack(0x0000000016890000,0x0000000016910000)]
  0x000000000f47b800 JavaThread "Code Analyzer updating thread" [_thread_blocked, id=5908, stack(0x0000000016710000,0x0000000016790000)]
  0x000000000f478000 JavaThread "Timer-987" [_thread_blocked, id=5740, stack(0x0000000016790000,0x0000000016810000)]
  0x000000000f474800 JavaThread "pool-4-thread-1" [_thread_blocked, id=8948, stack(0x00000000164a0000,0x0000000016520000)]
  0x000000000f479800 JavaThread "Code Analyzer updating thread" [_thread_blocked, id=9836, stack(0x0000000016520000,0x00000000165a0000)]
  0x000000000f476000 JavaThread "pool-5-thread-1" [_thread_blocked, id=13220, stack(0x0000000016690000,0x0000000016710000)]
  0x000000000f478800 JavaThread "pool-3-thread-1" [_thread_blocked, id=4216, stack(0x0000000016180000,0x0000000016200000)]
  0x000000000f476800 JavaThread "Code Analyzer updating thread" [_thread_blocked, id=13212, stack(0x0000000016420000,0x00000000164a0000)]
  0x000000000f477000 JavaThread "Code Analyzer updating thread" [_thread_blocked, id=208, stack(0x000000000f710000,0x000000000f790000)]
  0x000000000f471800 JavaThread "Foxtrot Single Worker Thread #1" daemon [_thread_blocked, id=3472, stack(0x0000000016610000,0x0000000016690000)]
  0x000000000f473000 JavaThread "Thread-110" [_thread_blocked, id=6276, stack(0x0000000028e50000,0x0000000028ed0000)]
  0x000000000f472000 JavaThread "Active Reference Queue Daemon" daemon [_thread_blocked, id=1592, stack(0x00000000296f0000,0x0000000029770000)]
  0x000000000f475000 JavaThread "Timer-21" daemon [_thread_blocked, id=9248, stack(0x0000000029250000,0x00000000292d0000)]
  0x000000000ef26800 JavaThread "RequestQueue for GenericFileList" [_thread_blocked, id=3888, stack(0x000000003fe60000,0x000000003fee0000)]
  0x000000000ef28800 JavaThread "Timer-6" daemon [_thread_blocked, id=10368, stack(0x000000000ff00000,0x000000000ff80000)]
  0x000000000ef26000 JavaThread "Prefs Updater" daemon [_thread_blocked, id=12316, stack(0x000000000fde0000,0x000000000fe60000)]
  0x000000000ef24800 JavaThread "Timer-1" [_thread_blocked, id=11160, stack(0x000000000fce0000,0x000000000fd60000)]
  0x000000000ef23800 JavaThread "FelixPackageAdmin" daemon [_thread_blocked, id=1228, stack(0x000000000fb20000,0x000000000fba0000)]
  0x000000000ef25000 JavaThread "FelixStartLevel" daemon [_thread_blocked, id=10628, stack(0x000000000faa0000,0x000000000fb20000)]
  0x00000000081a0000 JavaThread "FelixDispatchQueue" daemon [_thread_blocked, id=11736, stack(0x000000000fa20000,0x000000000faa0000)]
  0x000000000ed49800 JavaThread "TimerQueue" daemon [_thread_blocked, id=6176, stack(0x000000000f820000,0x000000000f8a0000)]
=>0x000000000eb7f000 JavaThread "AWT-EventQueue-0" [_thread_in_native, id=10752, stack(0x000000000f790000,0x000000000f810000)]
  0x000000000e6df800 JavaThread "com.google.common.base.internal.Finalizer" daemon [_thread_blocked, id=4808, stack(0x000000000f690000,0x000000000f710000)]
  0x000000000e6fd000 JavaThread "AWT-Windows" daemon [_thread_in_native, id=8800, stack(0x0000000008ad0000,0x0000000008b50000)]
  0x000000000e5c5000 JavaThread "AWT-Shutdown" [_thread_blocked, id=12300, stack(0x0000000008a50000,0x0000000008ad0000)]
  0x000000000ea7e800 JavaThread "Java2D Disposer" daemon [_thread_blocked, id=6360, stack(0x00000000089d0000,0x0000000008a50000)]
  0x000000000e50f000 JavaThread "Timer-0" [_thread_blocked, id=11448, stack(0x0000000008520000,0x00000000085a0000)]
  0x000000000e44f800 JavaThread "JMI Unnamed Thread" [_thread_in_native, id=12764, stack(0x0000000010e50000,0x0000000014e50000)]
  0x0000000007dd9000 JavaThread "Low Memory Detector" daemon [_thread_blocked, id=11680, stack(0x00000000080a0000,0x0000000008120000)]
  0x0000000007dd4000 JavaThread "CompilerThread1" daemon [_thread_blocked, id=11284, stack(0x0000000048000000,0x000000004c000000)]
  0x0000000007dd0000 JavaThread "CompilerThread0" daemon [_thread_blocked, id=1600, stack(0x0000000044000000,0x0000000048000000)]
  0x0000000007dcd800 JavaThread "Attach Listener" daemon [_thread_blocked, id=6188, stack(0x0000000008020000,0x00000000080a0000)]
  0x0000000007da4000 JavaThread "Finalizer" daemon [_thread_blocked, id=8936, stack(0x0000000007fa0000,0x0000000008020000)]
  0x0000000007796800 JavaThread "Reference Handler" daemon [_thread_blocked, id=8732, stack(0x0000000007f20000,0x0000000007fa0000)]
  0x00000000076bc800 JavaThread "main" [_thread_in_native, id=7144, stack(0x0000000000b50000,0x0000000004b50000)]

Other Threads:
  0x0000000007da1800 VMThread [stack: 0x0000000040000000,0x0000000044000000] [id=11216]
  0x0000000007e00000 WatcherThread [stack: 0x000000004c000000,0x0000000050000000] [id=8908]

VM state:not at safepoint (normal execution)

VM Mutex/Monitor currently owned by a thread: None

Heap
 PSYoungGen      total 50048K, used 46526K [0x0000000065750000, 0x0000000068850000, 0x0000000068850000)
  eden space 49920K, 93% used [0x0000000065750000,0x00000000684af9d0,0x0000000068810000)
  from space 128K, 50% used [0x0000000068810000,0x0000000068820000,0x0000000068830000)
  to   space 128K, 0% used [0x0000000068830000,0x0000000068830000,0x0000000068850000)
 PSOldGen        total 150528K, used 143446K [0x000000005c450000, 0x0000000065750000, 0x0000000065750000)
  object space 150528K, 95% used [0x000000005c450000,0x0000000065065918,0x0000000065750000)
 PSPermGen       total 84736K, used 73386K [0x0000000054450000, 0x0000000059710000, 0x000000005c450000)
  object space 84736K, 86% used [0x0000000054450000,0x0000000058bfa8c0,0x0000000059710000)

Dynamic libraries:
0x00007ff6c7d10000 - 0x00007ff6c7d39000 	C:\Program Files\MATLAB\R2011b\bin\win64\MATLAB.exe
0x00007ffa5d2e0000 - 0x00007ffa5d48c000 	C:\WINDOWS\SYSTEM32\ntdll.dll
0x00007ffa5aab0000 - 0x00007ffa5abee000 	C:\WINDOWS\system32\KERNEL32.DLL
0x00007ffa5a500000 - 0x00007ffa5a615000 	C:\WINDOWS\system32\KERNELBASE.dll
0x0000000074460000 - 0x0000000074563000 	C:\Program Files\MATLAB\R2011b\bin\win64\libut.dll
0x0000000073f70000 - 0x00000000740b5000 	C:\Program Files\MATLAB\R2011b\bin\win64\libmwfl.dll
0x000000007bed0000 - 0x000000007c148000 	C:\Program Files\MATLAB\R2011b\bin\win64\libmwservices.dll
0x0000000074970000 - 0x0000000074a41000 	C:\Program Files\MATLAB\R2011b\bin\win64\mcr.dll
0x0000000054370000 - 0x0000000054443000 	C:\WINDOWS\WinSxS\amd64_microsoft.vc90.crt_1fc8b3b9a1e18e3b_9.0.30729.8387_none_08e793bfa83a89b5\MSVCP90.dll
0x00000000542c0000 - 0x0000000054363000 	C:\WINDOWS\WinSxS\amd64_microsoft.vc90.crt_1fc8b3b9a1e18e3b_9.0.30729.8387_none_08e793bfa83a89b5\MSVCR90.dll
0x00000000758a0000 - 0x0000000075944000 	C:\Program Files\MATLAB\R2011b\bin\win64\libmwi18n.dll
0x000000007a560000 - 0x000000007a569000 	C:\Program Files\MATLAB\R2011b\bin\win64\boost_system-vc90-mt-1_44.dll
0x000000007a2d0000 - 0x000000007a2e2000 	C:\Program Files\MATLAB\R2011b\bin\win64\boost_thread-vc90-mt-1_44.dll
0x0000000051f00000 - 0x0000000052071000 	C:\Program Files\MATLAB\R2011b\bin\win64\icuuc44.dll
0x0000000052920000 - 0x0000000052933000 	C:\Program Files\MATLAB\R2011b\bin\win64\icuio44.dll
0x0000000180000000 - 0x0000000180046000 	C:\Program Files\MATLAB\R2011b\bin\win64\tbb.dll
0x00007ffa5d020000 - 0x00007ffa5d027000 	C:\WINDOWS\system32\PSAPI.DLL
0x00007ffa4a970000 - 0x00007ffa4aafa000 	C:\WINDOWS\SYSTEM32\dbghelp.dll
0x00007ffa5cae0000 - 0x00007ffa5cb8a000 	C:\WINDOWS\system32\ADVAPI32.dll
0x00007ffa5ce90000 - 0x00007ffa5d007000 	C:\WINDOWS\system32\USER32.dll
0x0000000004c30000 - 0x0000000004c3b000 	C:\Program Files\MATLAB\R2011b\bin\win64\libmwresource_core.dll
0x000000007a350000 - 0x000000007a556000 	C:\Program Files\MATLAB\R2011b\bin\win64\libmwMATLAB_res.dll
0x0000000004c40000 - 0x0000000004c50000 	C:\Program Files\MATLAB\R2011b\bin\win64\boost_date_time-vc90-mt-1_44.dll
0x000000007a170000 - 0x000000007a19c000 	C:\Program Files\MATLAB\R2011b\bin\win64\boost_filesystem-vc90-mt-1_44.dll
0x000000007a250000 - 0x000000007a263000 	C:\Program Files\MATLAB\R2011b\bin\win64\boost_signals-vc90-mt-1_44.dll
0x00007ffa5c5a0000 - 0x00007ffa5c5b6000 	C:\WINDOWS\system32\imagehlp.dll
0x0000000075a20000 - 0x0000000075ad5000 	C:\Program Files\MATLAB\R2011b\bin\win64\libmx.dll
0x0000000074330000 - 0x0000000074453000 	C:\Program Files\MATLAB\R2011b\bin\win64\libmwmathutil.dll
0x0000000075f10000 - 0x0000000075f5d000 	C:\Program Files\MATLAB\R2011b\bin\win64\mpath.dll
0x000000007b680000 - 0x000000007bb4d000 	C:\Program Files\MATLAB\R2011b\bin\win64\mlutil.dll
0x0000000004c60000 - 0x0000000004c76000 	C:\Program Files\MATLAB\R2011b\bin\win64\libmwsettings_res.dll
0x0000000004dc0000 - 0x0000000004e07000 	C:\Program Files\MATLAB\R2011b\bin\win64\boost_serialization-vc90-mt-1_44.dll
0x00007ffa45180000 - 0x00007ffa45224000 	C:\WINDOWS\WinSxS\amd64_microsoft.windows.common-controls_6595b64144ccf1df_5.82.9600.17415_none_34aa3313958e7a52\COMCTL32.dll
0x00007ffa5abf0000 - 0x00007ffa5aca6000 	C:\WINDOWS\system32\COMDLG32.dll
0x00007ffa58bb0000 - 0x00007ffa58bc6000 	C:\WINDOWS\SYSTEM32\NETAPI32.dll
0x00007ffa5c780000 - 0x00007ffa5c7da000 	C:\WINDOWS\system32\WS2_32.dll
0x00007ffa5aed0000 - 0x00007ffa5c3e8000 	C:\WINDOWS\system32\SHELL32.dll
0x00007ffa5c940000 - 0x00007ffa5cad4000 	C:\WINDOWS\system32\ole32.dll
0x00007ffa5a960000 - 0x00007ffa5aa21000 	C:\WINDOWS\system32\OLEAUT32.dll
0x0000000075000000 - 0x0000000075324000 	C:\Program Files\MATLAB\R2011b\bin\win64\iqm.dll
0x0000000079fb0000 - 0x0000000079fe5000 	C:\Program Files\MATLAB\R2011b\bin\win64\libmwbridge.dll
0x0000000052870000 - 0x0000000052885000 	C:\Program Files\MATLAB\R2011b\bin\win64\libmex.dll
0x0000000051e50000 - 0x0000000051efe000 	C:\Program Files\MATLAB\R2011b\bin\win64\m_dispatcher.dll
0x0000000051bc0000 - 0x0000000051e45000 	C:\Program Files\MATLAB\R2011b\bin\win64\mcos.dll
0x0000000051a70000 - 0x0000000051bb7000 	C:\Program Files\MATLAB\R2011b\bin\win64\libmwgui.dll
0x00000000510c0000 - 0x0000000051a70000 	C:\Program Files\MATLAB\R2011b\bin\win64\hg.dll
0x0000000050fc0000 - 0x00000000510b9000 	C:\Program Files\MATLAB\R2011b\bin\win64\hgutils.dll
0x00000000507f0000 - 0x0000000050fc0000 	C:\Program Files\MATLAB\R2011b\bin\win64\m_interpreter.dll
0x0000000075710000 - 0x000000007579d000 	C:\Program Files\MATLAB\R2011b\bin\win64\jmi.dll
0x0000000050730000 - 0x00000000507ed000 	C:\Program Files\MATLAB\R2011b\bin\win64\udd_mi.dll
0x0000000004e10000 - 0x00000000050d9000 	C:\Program Files\MATLAB\R2011b\bin\win64\uiw.dll
0x0000000052840000 - 0x0000000052861000 	C:\Program Files\MATLAB\R2011b\bin\win64\mwoles05.DLL
0x00000000506b0000 - 0x0000000050725000 	C:\Program Files\MATLAB\R2011b\bin\win64\comcli.dll
0x0000000052910000 - 0x000000005291c000 	C:\Program Files\MATLAB\R2011b\bin\win64\mlautoregister.dll
0x0000000004c90000 - 0x0000000004ca0000 	C:\Program Files\MATLAB\R2011b\bin\win64\boost_iostreams-vc90-mt-1_44.dll
0x00007ffa5c5c0000 - 0x00007ffa5c711000 	C:\WINDOWS\system32\GDI32.dll
0x000000007a010000 - 0x000000007a035000 	C:\Program Files\MATLAB\R2011b\bin\win64\LIBEXPAT.dll
0x00000000504b0000 - 0x00000000506a1000 	C:\Program Files\MATLAB\R2011b\bin\win64\icuin44.dll
0x0000000010000000 - 0x0000000010e41000 	C:\Program Files\MATLAB\R2011b\bin\win64\icudt44.dll
0x00007ffa5c4f0000 - 0x00007ffa5c59a000 	C:\WINDOWS\system32\msvcrt.dll
0x00007ffa5d030000 - 0x00007ffa5d089000 	C:\WINDOWS\SYSTEM32\sechost.dll
0x00007ffa5cd40000 - 0x00007ffa5ce81000 	C:\WINDOWS\system32\RPCRT4.dll
0x000000007a210000 - 0x000000007a228000 	C:\Program Files\MATLAB\R2011b\bin\win64\zlib1.dll
0x0000000050430000 - 0x00000000504af000 	C:\Program Files\MATLAB\R2011b\bin\win64\xmlcore.dll
0x000000007bc30000 - 0x000000007be83000 	C:\Program Files\MATLAB\R2011b\bin\win64\xerces-c_2_7.dll
0x00007ffa5c720000 - 0x00007ffa5c774000 	C:\WINDOWS\system32\SHLWAPI.dll
0x00007ffa59750000 - 0x00007ffa5975c000 	C:\WINDOWS\SYSTEM32\netutils.dll
0x00007ffa5a1e0000 - 0x00007ffa5a206000 	C:\WINDOWS\SYSTEM32\srvcli.dll
0x00007ffa585f0000 - 0x00007ffa58607000 	C:\WINDOWS\SYSTEM32\wkscli.dll
0x00007ffa5aa30000 - 0x00007ffa5aa39000 	C:\WINDOWS\system32\NSI.dll
0x00007ffa5acb0000 - 0x00007ffa5aec1000 	C:\WINDOWS\SYSTEM32\combase.dll
0x0000000050320000 - 0x00000000503e8000 	C:\Program Files\MATLAB\R2011b\bin\win64\udd.dll
0x0000000074880000 - 0x000000007496d000 	C:\Program Files\MATLAB\R2011b\bin\win64\boost_regex-vc90-mt-1_44.dll
0x0000000052820000 - 0x0000000052837000 	C:\Program Files\MATLAB\R2011b\bin\win64\graphics_util.dll
0x0000000076100000 - 0x0000000076158000 	C:\Program Files\MATLAB\R2011b\bin\win64\libmat.dll
0x00000000527d0000 - 0x0000000052813000 	C:\Program Files\MATLAB\R2011b\bin\win64\libmwhardcopy.dll
0x00000000502b0000 - 0x0000000050313000 	C:\Program Files\MATLAB\R2011b\bin\win64\libuij.dll
0x00000000500a0000 - 0x00000000502a7000 	C:\Program Files\MATLAB\R2011b\bin\win64\hgdatatypes.dll
0x0000000050010000 - 0x0000000050092000 	C:\Program Files\MATLAB\R2011b\bin\win64\libmwlapack.dll
0x0000000077b10000 - 0x0000000077ff4000 	C:\WINDOWS\WinSxS\amd64_microsoft.vc90.mfc_1fc8b3b9a1e18e3b_9.0.30729.6161_none_044aad0bab1eb146\mfc90.dll
0x00007ffa4fc60000 - 0x00007ffa4fce2000 	C:\WINDOWS\SYSTEM32\WINSPOOL.DRV
0x0000000077a80000 - 0x0000000077b04000 	C:\Program Files\MATLAB\R2011b\bin\win64\profiler.dll
0x0000000079f40000 - 0x0000000079f73000 	C:\Program Files\MATLAB\R2011b\bin\win64\libmwmathrng.dll
0x0000000077a50000 - 0x0000000077a71000 	C:\Program Files\MATLAB\R2011b\bin\win64\m_pcodeio.dll
0x0000000079b10000 - 0x0000000079b77000 	C:\Program Files\MATLAB\R2011b\bin\win64\m_ir.dll
0x0000000077410000 - 0x0000000077a50000 	C:\Program Files\MATLAB\R2011b\bin\win64\m_parser.dll
0x00000000773d0000 - 0x0000000077401000 	C:\Program Files\MATLAB\R2011b\bin\win64\m_pcodegen.dll
0x0000000076160000 - 0x00000000761cb000 	C:\Program Files\MATLAB\R2011b\bin\win64\libmwspmatrix.dll
0x0000000005270000 - 0x000000000527e000 	C:\Program Files\MATLAB\R2011b\bin\win64\nativejava_services.dll
0x0000000050420000 - 0x000000005042f000 	C:\Program Files\MATLAB\R2011b\bin\win64\uinone.dll
0x00007ffa4fb30000 - 0x00007ffa4fb4e000 	C:\WINDOWS\SYSTEM32\MPR.dll
0x00000000503f0000 - 0x000000005041f000 	C:\WINDOWS\WinSxS\amd64_microsoft.vc90.atl_1fc8b3b9a1e18e3b_9.0.30729.6161_none_0a1fd3a3a768b895\ATL90.DLL
0x0000000072d30000 - 0x0000000072f44000 	C:\Program Files\MATLAB\R2011b\bin\win64\hdf5dll.dll
0x00000000773b0000 - 0x00000000773c2000 	C:\Program Files\MATLAB\R2011b\bin\win64\libmwbinder.dll
0x0000000050000000 - 0x000000005000b000 	C:\Program Files\MATLAB\R2011b\bin\win64\libmwompwrapper.dll
0x00007ffa58420000 - 0x00007ffa58427000 	C:\WINDOWS\SYSTEM32\MSIMG32.dll
0x0000000074c10000 - 0x0000000074cea000 	C:\Program Files\MATLAB\R2011b\bin\win64\libmwmathcore.dll
0x0000000077390000 - 0x00000000773aa000 	C:\Program Files\MATLAB\R2011b\bin\win64\ir_xfmr.dll
0x0000000077380000 - 0x000000007738c000 	C:\Program Files\MATLAB\R2011b\bin\win64\mtok.dll
0x00007ffa57240000 - 0x00007ffa572f2000 	C:\WINDOWS\SYSTEM32\SHCORE.DLL
0x0000000075ea0000 - 0x0000000075f02000 	C:\Program Files\MATLAB\R2011b\bin\win64\libmwcholmod.dll
0x00000000054b0000 - 0x00000000054bd000 	C:\Program Files\MATLAB\R2011b\bin\win64\libmwamd.dll
0x00000000054c0000 - 0x00000000054cc000 	C:\Program Files\MATLAB\R2011b\bin\win64\libmwcolamd.dll
0x0000000077360000 - 0x0000000077379000 	C:\Program Files\MATLAB\R2011b\bin\win64\libmwblas.dll
0x00007ffa5c3f0000 - 0x00007ffa5c426000 	C:\WINDOWS\system32\IMM32.DLL
0x00007ffa5c7e0000 - 0x00007ffa5c931000 	C:\WINDOWS\system32\MSCTF.dll
0x00007ffa59070000 - 0x00007ffa59199000 	C:\WINDOWS\system32\UxTheme.dll
0x00007ffa57040000 - 0x00007ffa57061000 	C:\WINDOWS\system32\dwmapi.dll
0x0000000077350000 - 0x000000007735d000 	C:\WINDOWS\WinSxS\amd64_microsoft.vc90.mfcloc_1fc8b3b9a1e18e3b_9.0.30729.6161_none_01c9581e60cbee58\MFC90ENU.DLL
0x0000000007110000 - 0x0000000007139000 	C:\Program Files\MATLAB\R2011b\bin\win64\tbbmalloc.dll
0x00007ffa52db0000 - 0x00007ffa52dba000 	C:\WINDOWS\SYSTEM32\VERSION.dll
0x00007ffa5a430000 - 0x00007ffa5a445000 	C:\WINDOWS\SYSTEM32\profapi.dll
0x00007ffa586a0000 - 0x00007ffa586ca000 	C:\WINDOWS\SYSTEM32\iphlpapi.dll
0x00007ffa58670000 - 0x00007ffa5867a000 	C:\WINDOWS\SYSTEM32\WINNSI.DLL
0x00007ffa59a40000 - 0x00007ffa59ae4000 	C:\WINDOWS\SYSTEM32\DNSAPI.dll
0x00007ffa57c80000 - 0x00007ffa57c96000 	C:\WINDOWS\SYSTEM32\dhcpcsvc6.DLL
0x00007ffa58630000 - 0x00007ffa5864a000 	C:\WINDOWS\SYSTEM32\dhcpcsvc.DLL
0x00007ffa53040000 - 0x00007ffa53043000 	C:\WINDOWS\SYSTEM32\icmp.Dll
0x00007ffa591a0000 - 0x00007ffa591ab000 	C:\WINDOWS\SYSTEM32\kernel.appcore.dll
0x00007ffa5a300000 - 0x00007ffa5a30b000 	C:\WINDOWS\SYSTEM32\CRYPTBASE.dll
0x00007ffa5a290000 - 0x00007ffa5a2f3000 	C:\WINDOWS\SYSTEM32\bcryptPrimitives.dll
0x00007ffa5a910000 - 0x00007ffa5a95f000 	C:\WINDOWS\system32\cfgmgr32.dll
0x0000000078870000 - 0x0000000078ecd000 	C:\Program Files\MATLAB\R2011b\sys\java\jre\win64\jre\bin\server\jvm.dll
0x00007ffa527e0000 - 0x00007ffa52802000 	C:\WINDOWS\SYSTEM32\WINMM.dll
0x00007ffa527b0000 - 0x00007ffa527da000 	C:\WINDOWS\SYSTEM32\WINMMBASE.dll
0x00007ffa59230000 - 0x00007ffa59258000 	C:\WINDOWS\SYSTEM32\DEVOBJ.dll
0x00000000076a0000 - 0x00000000076ae000 	C:\Program Files\MATLAB\R2011b\sys\java\jre\win64\jre\bin\verify.dll
0x000000007a070000 - 0x000000007a097000 	C:\Program Files\MATLAB\R2011b\sys\java\jre\win64\jre\bin\java.dll

VM Arguments:
jvm_args: -Xss512k -XX:PermSize=32m -Xms64m -XX:NewRatio=3 -XX:MaxPermSize=128m -Xmx196m -XX:MaxDirectMemorySize=2147400000 -Dsun.java2d.noddraw=true -Dsun.awt.nopixfmt=true -Xshare:off -Xrs -Dsun.awt.disableMixing=true -Djava.library.path=C:\Program Files\MATLAB\R2011b\bin\win64 vfprintf abort 
java_command: <unknown>
Launcher Type: generic

Environment Variables:
JAVA_HOME=C:\Program Files\Java\jdk1.8.0_31
PATH=C:\ProgramData\Oracle\Java\javapath;C:\Program Files (x86)\iis express\PHP\v5.3;C:\Program Files (x86)\iis express\PHP\v5.5;c:\Program Files (x86)\Intel\iCLS Client\;c:\Program Files\Intel\iCLS Client\;C:\WINDOWS\system32;C:\WINDOWS;C:\WINDOWS\System32\Wbem;C:\WINDOWS\System32\WindowsPowerShell\v1.0\;C:\Program Files\Intel\Intel(R) Management Engine Components\DAL;C:\Program Files\Intel\Intel(R) Management Engine Components\IPT;C:\Program Files (x86)\Intel\Intel(R) Management Engine Components\DAL;C:\Program Files (x86)\Intel\Intel(R) Management Engine Components\IPT;C:\Program Files (x86)\Windows Live\Shared;C:\Program Files\Common Files\Autodesk Shared\;C:\Program Files\Microsoft SQL Server\110\Tools\Binn\;C:\Program Files (x86)\Windows Kits\8.1\Windows Performance Toolkit\;C:\Program Files (x86)\Microsoft SDKs\TypeScript\1.0\;C:\Program Files\MATLAB\R2011b\runtime\win64;C:\Program Files\MATLAB\R2011b\bin;C:\Program Files\Microsoft\Web Platform Installer\;C:\Program Files (x86)\Microsoft SDKs\Azure\CLI\wbin;C:\Program Files (x86)\QuickTime\QT;C:\Program Files (x86)\Microsoft Team Foundation Server 2012 Power Tools\Best Practices Analyzer\;C:\Program Files\MySQL\MySQL Server 5.6\bin
USERNAME=Trent
OS=Windows_NT
PROCESSOR_IDENTIFIER=Intel64 Family 6 Model 58 Stepping 9, GenuineIntel



---------------  S Y S T E M  ---------------

OS: Windows NT 6.2 Build 9200 

CPU:total 4 (8 cores per cpu, 2 threads per core) family 6 model 58 stepping 9, cmov, cx8, fxsr, mmx, sse, sse2, sse3, ssse3, sse4.1, sse4.2, ht

Memory: 4k page, physical 8259620k(1417668k free), swap 11748048k(3339400k free)

vm_info: Java HotSpot(TM) 64-Bit Server VM (14.3-b01) for windows-amd64 JRE (1.6.0_17-b04), built on Oct 11 2009 00:46:08 by "java_re" with MS VC++ 8.0

time: Sun Apr 05 20:38:09 2015
elapsed time: 255789 seconds

